Removed Pin From Net: NetName=VIN Pin=Q1-1
Removed Pin From Net: NetName=VIN Pin=Q1-1
Removed Pin From Net: NetName=VIN Pin=Q1-1
Removed Pin From Net: NetName=VIN Pin=Q1-1
Removed Pin From Net: NetName=VIN Pin=Q1-1
Removed Pin From Net: NetName=VIN Pin=Q1-1
Removed Pin From Net: NetName=VSA Pin=Q1-3
Removed Pin From Net: NetName=VSA Pin=Q1-3
Removed Pin From Net: NetName=VSA Pin=Q1-3
Removed Pin From Net: NetName=VSA Pin=Q1-3
Removed Pin From Net: NetName=VIN Pin=Q2-1
Removed Pin From Net: NetName=VIN Pin=Q2-1
Removed Pin From Net: NetName=VIN Pin=Q2-1
Removed Pin From Net: NetName=VIN Pin=Q2-1
Removed Pin From Net: NetName=VIN Pin=Q2-1
Removed Pin From Net: NetName=VIN Pin=Q2-1
Removed Pin From Net: NetName=VSB Pin=Q2-3
Removed Pin From Net: NetName=VSB Pin=Q2-3
Removed Pin From Net: NetName=VSB Pin=Q2-3
Removed Pin From Net: NetName=VSB Pin=Q2-3
Removed Pin From Net: NetName=VIN Pin=Q3-1
Removed Pin From Net: NetName=VIN Pin=Q3-1
Removed Pin From Net: NetName=VIN Pin=Q3-1
Removed Pin From Net: NetName=VIN Pin=Q3-1
Removed Pin From Net: NetName=VIN Pin=Q3-1
Removed Pin From Net: NetName=VIN Pin=Q3-1
Removed Pin From Net: NetName=VSC Pin=Q3-3
Removed Pin From Net: NetName=VSC Pin=Q3-3
Removed Pin From Net: NetName=VSC Pin=Q3-3
Removed Pin From Net: NetName=VSC Pin=Q3-3
Removed Pin From Net: NetName=VSA Pin=Q4-1
Removed Pin From Net: NetName=VSA Pin=Q4-1
Removed Pin From Net: NetName=VSA Pin=Q4-1
Removed Pin From Net: NetName=VSA Pin=Q4-1
Removed Pin From Net: NetName=VSA Pin=Q4-1
Removed Pin From Net: NetName=VSA Pin=Q4-1
Removed Pin From Net: NetName=ISUM Pin=Q4-3
Removed Pin From Net: NetName=ISUM Pin=Q4-3
Removed Pin From Net: NetName=ISUM Pin=Q4-3
Removed Pin From Net: NetName=ISUM Pin=Q4-3
Removed Pin From Net: NetName=VSB Pin=Q5-1
Removed Pin From Net: NetName=VSB Pin=Q5-1
Removed Pin From Net: NetName=VSB Pin=Q5-1
Removed Pin From Net: NetName=VSB Pin=Q5-1
Removed Pin From Net: NetName=VSB Pin=Q5-1
Removed Pin From Net: NetName=VSB Pin=Q5-1
Removed Pin From Net: NetName=ISUM Pin=Q5-3
Removed Pin From Net: NetName=ISUM Pin=Q5-3
Removed Pin From Net: NetName=ISUM Pin=Q5-3
Removed Pin From Net: NetName=ISUM Pin=Q5-3
Removed Pin From Net: NetName=VSC Pin=Q6-1
Removed Pin From Net: NetName=VSC Pin=Q6-1
Removed Pin From Net: NetName=VSC Pin=Q6-1
Removed Pin From Net: NetName=VSC Pin=Q6-1
Removed Pin From Net: NetName=VSC Pin=Q6-1
Removed Pin From Net: NetName=VSC Pin=Q6-1
Removed Pin From Net: NetName=ISUM Pin=Q6-3
Removed Pin From Net: NetName=ISUM Pin=Q6-3
Removed Pin From Net: NetName=ISUM Pin=Q6-3
Removed Pin From Net: NetName=ISUM Pin=Q6-3
Removed Pin From Net: NetName=VSA Pin=R26-1
Removed Pin From Net: NetName=VSB Pin=R27-1
Removed Pin From Net: NetName=VSC Pin=R28-1
Removed Pin From Net: NetName=ISUM Pin=R35-1
Removed Pin From Net: NetName=ISUM Pin=R36-1
Removed Pin From Net: NetName=ISUM Pin=R37-1
Removed Member From Class: ClassName=MotorDrive Member=Q1
Removed Member From Class: ClassName=MotorDrive Member=Q2
Removed Member From Class: ClassName=MotorDrive Member=Q3
Removed Member From Class: ClassName=MotorDrive Member=Q4
Removed Member From Class: ClassName=MotorDrive Member=Q5
Removed Member From Class: ClassName=MotorDrive Member=Q6
Removed Member From Class: ClassName=MotorDrive Member=R26
Removed Member From Class: ClassName=MotorDrive Member=R27
Removed Member From Class: ClassName=MotorDrive Member=R28
Removed Member From Class: ClassName=MotorDrive Member=R35
Removed Member From Class: ClassName=MotorDrive Member=R36
Removed Member From Class: ClassName=MotorDrive Member=R37
Added Component: Designator=Q?(TSON3x3)
Added Component: Designator=Q?(TSON3x3)
Added Component: Designator=Q?(TSON3x3)
Added Component: Designator=Q?(TSON3x3)
Added Component: Designator=Q?(TSON3x3)
Added Pin To Net: NetName=VIN Pin=Q?-1
Added Pin To Net: NetName=VIN Pin=Q?-1
Added Pin To Net: NetName=VIN Pin=Q?-1
Added Pin To Net: NetName=VIN Pin=Q?-1
Added Pin To Net: NetName=VIN Pin=Q?-1
Added Pin To Net: NetName=VIN Pin=Q?-1
Added Pin To Net: NetName=VIN Pin=Q?-1
Added Pin To Net: NetName=VIN Pin=Q?-1
Added Pin To Net: NetName=VIN Pin=Q?-1
Added Pin To Net: NetName=VIN Pin=Q?-1
Added Pin To Net: NetName=VIN Pin=Q?-1
Added Pin To Net: NetName=VIN Pin=Q?-1
Added Pin To Net: NetName=VIN Pin=Q?-1
Added Pin To Net: NetName=VIN Pin=Q?-1
Added Pin To Net: NetName=VIN Pin=Q?-1
Added Pin To Net: NetName=VIN Pin=Q?-1
Added Pin To Net: NetName=VIN Pin=Q?-1
Added Pin To Net: NetName=VIN Pin=Q?-1
Added Pin To Net: NetName=VSA Pin=Q?-1
Added Pin To Net: NetName=VSA Pin=Q?-1
Added Pin To Net: NetName=VSA Pin=Q?-1
Added Pin To Net: NetName=VSA Pin=Q?-1
Added Pin To Net: NetName=VSA Pin=Q?-1
Added Pin To Net: NetName=VSA Pin=Q?-1
Added Pin To Net: NetName=VSB Pin=Q?-1
Added Pin To Net: NetName=VSB Pin=Q?-1
Added Pin To Net: NetName=VSB Pin=Q?-1
Added Pin To Net: NetName=VSB Pin=Q?-1
Added Pin To Net: NetName=VSB Pin=Q?-1
Added Pin To Net: NetName=VSB Pin=Q?-1
Added Pin To Net: NetName=VSC Pin=Q?-1
Added Pin To Net: NetName=VSC Pin=Q?-1
Added Pin To Net: NetName=VSC Pin=Q?-1
Added Pin To Net: NetName=VSC Pin=Q?-1
Added Pin To Net: NetName=VSC Pin=Q?-1
Added Pin To Net: NetName=VSC Pin=Q?-1
Added Pin To Net: NetName=ISUM Pin=Q?-3
Added Pin To Net: NetName=ISUM Pin=Q?-3
Added Pin To Net: NetName=ISUM Pin=Q?-3
Added Pin To Net: NetName=ISUM Pin=Q?-3
Added Pin To Net: NetName=ISUM Pin=Q?-3
Added Pin To Net: NetName=ISUM Pin=Q?-3
Added Pin To Net: NetName=ISUM Pin=Q?-3
Added Pin To Net: NetName=ISUM Pin=Q?-3
Added Pin To Net: NetName=ISUM Pin=Q?-3
Added Pin To Net: NetName=VSA Pin=Q?-3
Added Pin To Net: NetName=VSA Pin=Q?-3
Added Pin To Net: NetName=VSA Pin=Q?-3
Added Pin To Net: NetName=VSB Pin=Q?-3
Added Pin To Net: NetName=VSB Pin=Q?-3
Added Pin To Net: NetName=VSB Pin=Q?-3
Added Pin To Net: NetName=VSC Pin=Q?-3
Added Pin To Net: NetName=VSC Pin=Q?-3
Added Pin To Net: NetName=VSC Pin=Q?-3
Added Pin To Net: NetName=NetQ?_2 Pin=Q?-2
Added Pin To Net: NetName=NetQ?_2 Pin=R21-2
Added Net: Name=NetQ?_2
Added Member To Class: ClassName=MotorDrive Member=Component Q? BSC014N04LS
Added Member To Class: ClassName=MotorDrive Member=Component Q? BSC014N04LS
Added Member To Class: ClassName=MotorDrive Member=Component Q? BSC014N04LS
Added Member To Class: ClassName=MotorDrive Member=Component Q? BSC014N04LS
Added Member To Class: ClassName=MotorDrive Member=Component Q? BSC014N04LS
Added Room: Name=MotorDrive
